INFO 01/31 16:06:44 n.s.u.i.d.DataBuild~ - No pattern available for 'Other'.
INFO 01/31 16:06:44 n.s.u.i.d.DataBuild~ - No pattern available for 'Personal computer'.
INFO 01/31 16:06:45 n.s.u.i.d.DataBuild~ - No pattern available for 'Other'.
INFO 01/31 16:06:45 n.s.u.i.d.DataBuild~ - No pattern available for 'Personal computer'.
INFO 01/31 16:06:45 n.l.b.p.Main         - Starting BrowserMob Proxy version %s
INFO 01/31 16:06:45 o.e.j.u.log          - jetty-7.3.0.v20110203
INFO 01/31 16:06:45 o.e.j.u.log          - started o.e.j.s.ServletContextHandler{/,null}
WARN 01/31 16:06:46 o.e.j.u.log          - FAILED SelectChannelConnector@0.0.0.0:3128: java.net.BindException: Address already in use
WARN 01/31 16:06:46 o.e.j.u.log          - FAILED org.eclipse.jetty.server.Server@2e6f947b: java.net.BindException: Address already in use
Exception in thread "main" java.net.BindException: Address already in use
	at sun.nio.ch.Net.bind0(Native Method)
	at sun.nio.ch.Net.bind(Net.java:174)
	at sun.nio.ch.ServerSocketChannelImpl.bind(ServerSocketChannelImpl.java:139)
	at sun.nio.ch.ServerSocketAdaptor.bind(ServerSocketAdaptor.java:77)
	at org.ecliINFO 01/31 16:06:48 n.l.b.p.j.u.Credent~ - Checking Resource aliases
INFO 01/31 16:06:48 n.l.b.p.j.h.SocketL~ - Started SocketListener on 0.0.0.0:43110
INFO 01/31 16:06:48 n.l.b.p.j.h.SocketL~ - Started SocketListener on 0.0.0.0:36370
ChannelConnector.java:240)
	at org.eclipse.jetty.util.component.AbstractLifeCycle.start(AbstractLifeCycle.java:55)
	at org.eclipse.jetty.server.Server.doStart(Server.java:269)
	at org.eclipse.jetty.util.component.AbstractLifeCycle.start(AbstractLifeCycle.java:55)
	at net.lightbody.bmp.proxy.Main.main(Main.java:53)
